<?xml version="1.0" encoding="UTF-8"?>
<testng-results ignored="0" total="1" passed="1" failed="0" skipped="0">
  <reporter-output>
  </reporter-output>
  <suite started-at="2024-10-05T22:00:05 IST" name="Default suite" finished-at="2024-10-05T22:00:05 IST" duration-ms="79">
    <groups>
    </groups>
    <test started-at="2024-10-05T22:00:05 IST" name="Default test" finished-at="2024-10-05T22:00:05 IST" duration-ms="79">
      <class name="seleniumTesting.seleniumTesting.openBrowser">
        <test-method signature="testing()[pri:0, instance:seleniumTesting.seleniumTesting.openBrowser@3023df74]" started-at="2024-10-05T22:00:05 IST" name="testing" finished-at="2024-10-05T22:00:05 IST" duration-ms="14" status="PASS">
          <reporter-output>
          </reporter-output>
        </test-method> <!-- testing -->
      </class> <!-- seleniumTesting.seleniumTesting.openBrowser -->
    </test> <!-- Default test -->
  </suite> <!-- Default suite -->
</testng-results>
